

*******************************************************************************
Fri Oct 20 19:37:37 2023


FIT:    data read from "a3.dat" u 1:2
        format = x:z
        #datapoints = 5
        residuals are weighted equally (unit weight)

function used for fitting: f(x)
	f(x)=a*x+b
fitted parameters initialized with current variable values

iter      chisq       delta/lim  lambda   a             b            
   0 4.2662194274e+05   0.00e+00  7.07e-01    1.000000e+00   1.000000e+00
   5 1.6337293773e+02  -1.02e-01  7.07e-06    2.058738e+04  -2.206308e+01

After 5 iterations the fit converged.
final sum of squares of residuals : 163.373
rel. change during last iteration : -1.01699e-06

degrees of freedom    (FIT_NDF)                        : 3
rms of residuals      (FIT_STDFIT) = sqrt(WSSR/ndf)    : 7.37954
variance of residuals (reduced chisquare) = WSSR/ndf   : 54.4576

Final set of parameters            Asymptotic Standard Error
=======================            ==========================
a               = 20587.4          +/- 233.4        (1.134%)
b               = -22.0631         +/- 3.3          (14.96%)

correlation matrix of the fit parameters:
                a      b      
a               1.000 
b               0.000  1.000 


*******************************************************************************
Fri Oct 20 19:38:06 2023


FIT:    data read from "a3.dat" u 1:2
        format = x:z
        #datapoints = 5
        residuals are weighted equally (unit weight)

function used for fitting: f(x)
	f(x)=a*x*x+b*x+c
fitted parameters initialized with current variable values



*******************************************************************************
Fri Oct 20 19:38:17 2023


FIT:    data read from "a3.dat" u 1:2
        format = x:z
        #datapoints = 5
        residuals are weighted equally (unit weight)

function used for fitting: f(x)
	f(x)=a*x*x+b*x+c
fitted parameters initialized with current variable values

iter      chisq       delta/lim  lambda   a             b             c            
   0 4.2885921996e+05   0.00e+00  3.16e+00    2.058738e+04  -2.206308e+01   1.000000e+00
   5 5.7000032823e+00  -3.44e-07  3.16e-05   -3.355943e+04   2.058738e+04  -1.535119e+01

After 5 iterations the fit converged.
final sum of squares of residuals : 5.7
rel. change during last iteration : -3.43974e-12

degrees of freedom    (FIT_NDF)                        : 2
rms of residuals      (FIT_STDFIT) = sqrt(WSSR/ndf)    : 1.68819
variance of residuals (reduced chisquare) = WSSR/ndf   : 2.85

Final set of parameters            Asymptotic Standard Error
=======================            ==========================
a               = -33559.4         +/- 4512         (13.44%)
b               = 20587.4          +/- 53.39        (0.2593%)
c               = -15.3512         +/- 1.177        (7.664%)

correlation matrix of the fit parameters:
                a      b      c      
a               1.000 
b               0.000  1.000 
c              -0.767 -0.000  1.000 


*******************************************************************************
Fri Oct 20 19:38:45 2023


FIT:    data read from "a3.dat" u 1:2
        format = x:z
        #datapoints = 5
        residuals are weighted equally (unit weight)

function used for fitting: f(x)
	f(x)=a*x*x*x+b*x*x+c*x+d
fitted parameters initialized with current variable values

iter      chisq       delta/lim  lambda   a             b             c             d            
   0 4.2905242235e+05   0.00e+00  2.73e+00   -3.355943e+04   2.058738e+04  -1.535119e+01   1.000000e+00
   5 1.9165231823e+00  -7.10e-01  2.73e-05   -5.125833e+05  -3.355943e+04   2.076166e+04  -1.535119e+01

After 5 iterations the fit converged.
final sum of squares of residuals : 1.91652
rel. change during last iteration : -7.10497e-06

degrees of freedom    (FIT_NDF)                        : 1
rms of residuals      (FIT_STDFIT) = sqrt(WSSR/ndf)    : 1.38439
variance of residuals (reduced chisquare) = WSSR/ndf   : 1.91652

Final set of parameters            Asymptotic Standard Error
=======================            ==========================
a               = -512583          +/- 3.648e+05    (71.17%)
b               = -33559.4         +/- 3700         (11.02%)
c               = 20761.7          +/- 131.5        (0.6336%)
d               = -15.3512         +/- 0.9648       (6.285%)

correlation matrix of the fit parameters:
                a      b      c      d      
a               1.000 
b              -0.000  1.000 
c              -0.943 -0.000  1.000 
d               0.000 -0.767  0.000  1.000 


*******************************************************************************
Fri Oct 20 19:39:20 2023


FIT:    data read from "a3.dat" u 1:2
        format = x:z
        #datapoints = 5
        residuals are weighted equally (unit weight)

function used for fitting: f(x)
	f(x)=a*x+b
fitted parameters initialized with current variable values

iter      chisq       delta/lim  lambda   a             b             c             d            
   0 5.9080455860e+09   0.00e+00  1.72e+04   -5.125833e+05  -3.355943e+04   2.076166e+04  -1.535119e+01
BREAK: Singular matrix in Invert_RtR

*******************************************************************************
Fri Oct 20 19:39:24 2023


FIT:    data read from "a3.dat" u 1:2
        format = x:z
        #datapoints = 5
        residuals are weighted equally (unit weight)

function used for fitting: f(x)
	f(x)=a*x+b
fitted parameters initialized with current variable values

iter      chisq       delta/lim  lambda   a             b            
   0 1.6337293773e+02   0.00e+00  2.06e+02    2.058738e+04  -2.206308e+01
   1 1.6337293773e+02  -8.70e-11  2.06e+01    2.058738e+04  -2.206308e+01

After 1 iterations the fit converged.
final sum of squares of residuals : 163.373
rel. change during last iteration : -8.69841e-16

degrees of freedom    (FIT_NDF)                        : 3
rms of residuals      (FIT_STDFIT) = sqrt(WSSR/ndf)    : 7.37954
variance of residuals (reduced chisquare) = WSSR/ndf   : 54.4576

Final set of parameters            Asymptotic Standard Error
=======================            ==========================
a               = 20587.4          +/- 233.4        (1.134%)
b               = -22.0631         +/- 3.3          (14.96%)

correlation matrix of the fit parameters:
                a      b      
a               1.000 
b              -0.000  1.000 


*******************************************************************************
Fri Oct 20 19:39:25 2023


FIT:    data read from "a3.dat" u 1:2
        format = x:z
        #datapoints = 5
        residuals are weighted equally (unit weight)

function used for fitting: f(x)
	f(x)=a*x+b
fitted parameters initialized with current variable values

iter      chisq       delta/lim  lambda   a             b            
   0 1.6337293773e+02   0.00e+00  2.06e+02    2.058738e+04  -2.206308e+01
   1 1.6337293773e+02  -1.04e-10  2.06e+01    2.058738e+04  -2.206308e+01

After 1 iterations the fit converged.
final sum of squares of residuals : 163.373
rel. change during last iteration : -1.04381e-15

degrees of freedom    (FIT_NDF)                        : 3
rms of residuals      (FIT_STDFIT) = sqrt(WSSR/ndf)    : 7.37954
variance of residuals (reduced chisquare) = WSSR/ndf   : 54.4576

Final set of parameters            Asymptotic Standard Error
=======================            ==========================
a               = 20587.4          +/- 233.4        (1.134%)
b               = -22.0631         +/- 3.3          (14.96%)

correlation matrix of the fit parameters:
                a      b      
a               1.000 
b              -0.000  1.000 


*******************************************************************************
Fri Oct 20 19:40:39 2023


FIT:    data read from "a3.dat" u 1:2
        format = x:z
        x range restricted to [-0.0300000 : 0.0300000]
        #datapoints = 5
        residuals are weighted equally (unit weight)

function used for fitting: f(x)
	f(x)=a*x+b
fitted parameters initialized with current variable values

iter      chisq       delta/lim  lambda   a             b            
   0 1.6337293773e+02   0.00e+00  2.06e+02    2.058738e+04  -2.206308e+01
   1 1.6337293773e+02   0.00e+00  2.06e+02    2.058738e+04  -2.206308e+01

After 1 iterations the fit converged.
final sum of squares of residuals : 163.373
rel. change during last iteration : 0

degrees of freedom    (FIT_NDF)                        : 3
rms of residuals      (FIT_STDFIT) = sqrt(WSSR/ndf)    : 7.37954
variance of residuals (reduced chisquare) = WSSR/ndf   : 54.4576

Final set of parameters            Asymptotic Standard Error
=======================            ==========================
a               = 20587.4          +/- 233.4        (1.134%)
b               = -22.0631         +/- 3.3          (14.96%)

correlation matrix of the fit parameters:
                a      b      
a               1.000 
b              -0.000  1.000 


*******************************************************************************
Fri Oct 20 21:32:50 2023


FIT:    data read from "a3.dat" u 1:2
        format = x:z
        #datapoints = 5
        residuals are weighted equally (unit weight)

function used for fitting: f(x)
fitted parameters initialized with current variable values



*******************************************************************************
Fri Oct 20 21:33:00 2023


FIT:    data read from "a3.dat" u 1:2
        format = x:z
        #datapoints = 5
        residuals are weighted equally (unit weight)

function used for fitting: f(x)
	f(x)=a*x+b
fitted parameters initialized with current variable values

iter      chisq       delta/lim  lambda   a             b            
   0 4.2662194274e+05   0.00e+00  7.07e-01    1.000000e+00   1.000000e+00
   5 1.6337293773e+02  -1.02e-01  7.07e-06    2.058738e+04  -2.206308e+01

After 5 iterations the fit converged.
final sum of squares of residuals : 163.373
rel. change during last iteration : -1.01699e-06

degrees of freedom    (FIT_NDF)                        : 3
rms of residuals      (FIT_STDFIT) = sqrt(WSSR/ndf)    : 7.37954
variance of residuals (reduced chisquare) = WSSR/ndf   : 54.4576

Final set of parameters            Asymptotic Standard Error
=======================            ==========================
a               = 20587.4          +/- 233.4        (1.134%)
b               = -22.0631         +/- 3.3          (14.96%)

correlation matrix of the fit parameters:
                a      b      
a               1.000 
b               0.000  1.000 


*******************************************************************************
Fri Oct 20 21:59:45 2023


FIT:    data read from "a3.dat" u 1:2
        format = x:z
        #datapoints = 5
        residuals are weighted equally (unit weight)

function used for fitting: f(x)
	f(x)=a*x+b
fitted parameters initialized with current variable values

iter      chisq       delta/lim  lambda   a             b            
   0 4.7533671349e+05   0.00e+00  7.07e-01    1.000000e+00   1.000000e+00
   5 1.8984068259e+02  -9.78e-02  7.07e-06    2.176605e+04  -1.590841e+01

After 5 iterations the fit converged.
final sum of squares of residuals : 189.841
rel. change during last iteration : -9.7829e-07

degrees of freedom    (FIT_NDF)                        : 3
rms of residuals      (FIT_STDFIT) = sqrt(WSSR/ndf)    : 7.95489
variance of residuals (reduced chisquare) = WSSR/ndf   : 63.2802

Final set of parameters            Asymptotic Standard Error
=======================            ==========================
a               = 21766            +/- 251.6        (1.156%)
b               = -15.9084         +/- 3.558        (22.36%)

correlation matrix of the fit parameters:
                a      b      
a               1.000 
b               0.000  1.000 


*******************************************************************************
Fri Oct 20 22:03:42 2023


FIT:    data read from "a3.dat" u 1:2
        format = x:z
        #datapoints = 4
        residuals are weighted equally (unit weight)

function used for fitting: f(x)
fitted parameters initialized with current variable values



*******************************************************************************
Fri Oct 20 22:03:49 2023


FIT:    data read from "a3.dat" u 1:2
        format = x:z
        #datapoints = 4
        residuals are weighted equally (unit weight)

function used for fitting: f(x)
	f(x)=a*x+b
fitted parameters initialized with current variable values

iter      chisq       delta/lim  lambda   a             b            
   0 2.6489065595e+05   0.00e+00  7.07e-01    1.000000e+00   1.000000e+00
   6 8.3088451073e+01  -1.88e-10  7.07e-06    2.143932e+04  -1.264111e+01

After 6 iterations the fit converged.
final sum of squares of residuals : 83.0885
rel. change during last iteration : -1.88136e-15

degrees of freedom    (FIT_NDF)                        : 2
rms of residuals      (FIT_STDFIT) = sqrt(WSSR/ndf)    : 6.44548
variance of residuals (reduced chisquare) = WSSR/ndf   : 41.5442

Final set of parameters            Asymptotic Standard Error
=======================            ==========================
a               = 21439.3          +/- 288.3        (1.344%)
b               = -12.6411         +/- 3.53         (27.93%)

correlation matrix of the fit parameters:
                a      b      
a               1.000 
b              -0.408  1.000 
