

*******************************************************************************
Thu Aug 24 13:51:20 2023


FIT:    data read from "merged.dat" using 3:5:1
        format = x:y:z
        #datapoints = 94
        residuals are weighted equally (unit weight)

function used for fitting: f(x,y)
	f(x,y)=a*x+b*y+c+x*y*d
fitted parameters initialized with current variable values

iter      chisq       delta/lim  lambda   a             b             c             d            
   0 5.9282218724e+09   0.00e+00  3.97e+03    1.000000e+00   1.000000e+00   1.000000e+00   1.000000e+00
   7 1.6047005371e+01  -5.98e-10  3.97e-04   -2.033150e-02   3.790285e-01  -2.850717e+00   2.304323e-06

After 7 iterations the fit converged.
final sum of squares of residuals : 16.047
rel. change during last iteration : -5.97764e-15

degrees of freedom    (FIT_NDF)                        : 90
rms of residuals      (FIT_STDFIT) = sqrt(WSSR/ndf)    : 0.422256
variance of residuals (reduced chisquare) = WSSR/ndf   : 0.1783

Final set of parameters            Asymptotic Standard Error
=======================            ==========================
a               = -0.0203315       +/- 0.0001749    (0.86%)
b               = 0.379029         +/- 0.002025     (0.5343%)
c               = -2.85072         +/- 0.05172      (1.814%)
d               = 2.30432e-06      +/- 6.513e-06    (282.6%)

correlation matrix of the fit parameters:
                a      b      c      d      
a               1.000 
b              -0.552  1.000 
c               0.030  0.013  1.000 
d              -0.028  0.022 -0.538  1.000 


*******************************************************************************
Thu Aug 24 13:51:42 2023


FIT:    data read from "merged.dat" using 3:5:1
        format = x:y:z
        #datapoints = 94
        residuals are weighted equally (unit weight)

function used for fitting: f(x,y)
	f(x,y)=a*x+b*y+c+x*y*d
fitted parameters initialized with current variable values

iter      chisq       delta/lim  lambda   a             b             c             d            
   0 5.9282218724e+09   0.00e+00  3.97e+03    1.000000e+00   1.000000e+00   1.000000e+00   1.000000e+00
   7 1.6047005371e+01  -5.98e-10  3.97e-04   -2.033150e-02   3.790285e-01  -2.850717e+00   2.304323e-06

After 7 iterations the fit converged.
final sum of squares of residuals : 16.047
rel. change during last iteration : -5.97764e-15

degrees of freedom    (FIT_NDF)                        : 90
rms of residuals      (FIT_STDFIT) = sqrt(WSSR/ndf)    : 0.422256
variance of residuals (reduced chisquare) = WSSR/ndf   : 0.1783

Final set of parameters            Asymptotic Standard Error
=======================            ==========================
a               = -0.0203315       +/- 0.0001749    (0.86%)
b               = 0.379029         +/- 0.002025     (0.5343%)
c               = -2.85072         +/- 0.05172      (1.814%)
d               = 2.30432e-06      +/- 6.513e-06    (282.6%)

correlation matrix of the fit parameters:
                a      b      c      d      
a               1.000 
b              -0.552  1.000 
c               0.030  0.013  1.000 
d              -0.028  0.022 -0.538  1.000 


*******************************************************************************
Thu Sep 14 16:49:57 2023


FIT:    data read from "4040/merged.dat" u 5:1
        format = x:z
        #datapoints = 23
        residuals are weighted equally (unit weight)

function used for fitting: f(x)
	f(x)=a*x+b
fitted parameters initialized with current variable values

iter      chisq       delta/lim  lambda   a             b            
   0 4.6605876177e+03   0.00e+00  1.64e+01    1.000000e+00   1.000000e+00
   4 3.2294533763e+00  -1.68e-01  1.64e-03    4.428047e-01  -3.111248e+00

After 4 iterations the fit converged.
final sum of squares of residuals : 3.22945
rel. change during last iteration : -1.68243e-06

degrees of freedom    (FIT_NDF)                        : 21
rms of residuals      (FIT_STDFIT) = sqrt(WSSR/ndf)    : 0.392152
variance of residuals (reduced chisquare) = WSSR/ndf   : 0.153783

Final set of parameters            Asymptotic Standard Error
=======================            ==========================
a               = 0.442805         +/- 0.003581     (0.8087%)
b               = -3.11125         +/- 0.08305      (2.669%)

correlation matrix of the fit parameters:
                a      b      
a               1.000 
b              -0.175  1.000 


*******************************************************************************
Thu Sep 14 17:00:24 2023


FIT:    data read from "merged.dat" u 3:5:1
        format = x:y:z
        #datapoints = 107
        residuals are weighted equally (unit weight)

function used for fitting: f(x,y)
	f(x,y)=a*x+b*y+c
fitted parameters initialized with current variable values

iter      chisq       delta/lim  lambda   a             b             c            
   0 9.1136790928e+06   0.00e+00  1.61e+02    1.000000e+00   1.000000e+00   1.000000e+00
   5 1.7311833034e+01  -1.60e-04  1.61e-03   -2.072914e-02   3.622309e-01  -2.820436e+00

After 5 iterations the fit converged.
final sum of squares of residuals : 17.3118
rel. change during last iteration : -1.60126e-09

degrees of freedom    (FIT_NDF)                        : 104
rms of residuals      (FIT_STDFIT) = sqrt(WSSR/ndf)    : 0.407995
variance of residuals (reduced chisquare) = WSSR/ndf   : 0.16646

Final set of parameters            Asymptotic Standard Error
=======================            ==========================
a               = -0.0207291       +/- 0.0001543    (0.7442%)
b               = 0.362231         +/- 0.001467     (0.405%)
c               = -2.82044         +/- 0.03982      (1.412%)

correlation matrix of the fit parameters:
                a      b      c      
a               1.000 
b              -0.379  1.000 
c              -0.069 -0.084  1.000 


*******************************************************************************
Thu Sep 14 17:01:04 2023


FIT:    data read from "merged.dat" u 3:5:1
        format = x:y:z
        #datapoints = 107
        residuals are weighted equally (unit weight)

function used for fitting: f(x,y)
	f(x,y)=a*x+b*y+c
fitted parameters initialized with current variable values

iter      chisq       delta/lim  lambda   a             b             c            
   0 1.7311833034e+01   0.00e+00  7.15e+00   -2.072914e-02   3.622309e-01  -2.820436e+00
   1 1.7311833034e+01   0.00e+00  7.15e+01   -2.072914e-02   3.622309e-01  -2.820436e+00

After 1 iterations the fit converged.
final sum of squares of residuals : 17.3118
rel. change during last iteration : 0

degrees of freedom    (FIT_NDF)                        : 104
rms of residuals      (FIT_STDFIT) = sqrt(WSSR/ndf)    : 0.407995
variance of residuals (reduced chisquare) = WSSR/ndf   : 0.16646

Final set of parameters            Asymptotic Standard Error
=======================            ==========================
a               = -0.0207291       +/- 0.0001543    (0.7442%)
b               = 0.362231         +/- 0.001467     (0.405%)
c               = -2.82044         +/- 0.03982      (1.412%)

correlation matrix of the fit parameters:
                a      b      c      
a               1.000 
b              -0.379  1.000 
c              -0.069 -0.084  1.000 


*******************************************************************************
Thu Sep 14 17:07:31 2023


FIT:    data read from "merged.dat" u 3:5:1
        format = x:y:z
        #datapoints = 107
        residuals are weighted equally (unit weight)

function used for fitting: f(x,y)
	f(x,y)=a*x+b*y+c
fitted parameters initialized with current variable values

iter      chisq       delta/lim  lambda   a             b             c            
   0 9.1136790928e+06   0.00e+00  1.61e+02    1.000000e+00   1.000000e+00   1.000000e+00
   5 1.7311833034e+01  -1.60e-04  1.61e-03   -2.072914e-02   3.622309e-01  -2.820436e+00

After 5 iterations the fit converged.
final sum of squares of residuals : 17.3118
rel. change during last iteration : -1.60126e-09

degrees of freedom    (FIT_NDF)                        : 104
rms of residuals      (FIT_STDFIT) = sqrt(WSSR/ndf)    : 0.407995
variance of residuals (reduced chisquare) = WSSR/ndf   : 0.16646

Final set of parameters            Asymptotic Standard Error
=======================            ==========================
a               = -0.0207291       +/- 0.0001543    (0.7442%)
b               = 0.362231         +/- 0.001467     (0.405%)
c               = -2.82044         +/- 0.03982      (1.412%)

correlation matrix of the fit parameters:
                a      b      c      
a               1.000 
b              -0.379  1.000 
c              -0.069 -0.084  1.000 


*******************************************************************************
Thu Sep 14 19:13:42 2023


FIT:    data read from "merged.dat" u 7:2
        format = x:z
        #datapoints = 107
        residuals are weighted equally (unit weight)

function used for fitting: f(x)
	f(x)=a*x+b
fitted parameters initialized with current variable values

iter      chisq       delta/lim  lambda   a             b            
   0 2.9957204343e+04   0.00e+00  8.63e+00    1.000000e+00   1.000000e+00
   4 1.8480035297e+03  -3.30e-08  8.63e-04    2.339227e+00  -8.779268e+00

After 4 iterations the fit converged.
final sum of squares of residuals : 1848
rel. change during last iteration : -3.29863e-13

degrees of freedom    (FIT_NDF)                        : 105
rms of residuals      (FIT_STDFIT) = sqrt(WSSR/ndf)    : 4.19524
variance of residuals (reduced chisquare) = WSSR/ndf   : 17.6

Final set of parameters            Asymptotic Standard Error
=======================            ==========================
a               = 2.33923          +/- 0.03505      (1.498%)
b               = -8.77927         +/- 0.4264       (4.857%)

correlation matrix of the fit parameters:
                a      b      
a               1.000 
b              -0.309  1.000 
