

*******************************************************************************
Sat Oct 21 18:25:40 2023


FIT:    data read from "yb.dat" u 1:3
        format = x:z
        x range restricted to [-400.000 : 400.000]
        #datapoints = 6
        residuals are weighted equally (unit weight)

function used for fitting: f(x)
	f(x)=a*x+b
fitted parameters initialized with current variable values

iter      chisq       delta/lim  lambda   a             b            
   0 2.0365905209e+05   0.00e+00  1.30e+02    1.000000e+00   1.000000e+00
   6 1.8276193291e-03  -2.92e-07  1.30e-04    5.878892e-04  -7.382637e-01

After 6 iterations the fit converged.
final sum of squares of residuals : 0.00182762
rel. change during last iteration : -2.92001e-12

degrees of freedom    (FIT_NDF)                        : 4
rms of residuals      (FIT_STDFIT) = sqrt(WSSR/ndf)    : 0.0213753
variance of residuals (reduced chisquare) = WSSR/ndf   : 0.000456905

Final set of parameters            Asymptotic Standard Error
=======================            ==========================
a               = 0.000587889      +/- 4.747e-05    (8.074%)
b               = -0.738264        +/- 0.008744     (1.184%)

correlation matrix of the fit parameters:
                a      b      
a               1.000 
b              -0.064  1.000 


*******************************************************************************
Sat Oct 21 18:28:40 2023


FIT:    data read from "yb.dat" u 1:3
        format = x:z
        x range restricted to [-400.000 : 400.000]
        #datapoints = 6
        residuals are weighted equally (unit weight)

function used for fitting: f(x)
	f(x)=a*x+b
fitted parameters initialized with current variable values

iter      chisq       delta/lim  lambda   a             b            
   0 2.0365905209e+05   0.00e+00  1.30e+02    1.000000e+00   1.000000e+00
   6 1.8276193291e-03  -2.92e-07  1.30e-04    5.878892e-04  -7.382637e-01

After 6 iterations the fit converged.
final sum of squares of residuals : 0.00182762
rel. change during last iteration : -2.92001e-12

degrees of freedom    (FIT_NDF)                        : 4
rms of residuals      (FIT_STDFIT) = sqrt(WSSR/ndf)    : 0.0213753
variance of residuals (reduced chisquare) = WSSR/ndf   : 0.000456905

Final set of parameters            Asymptotic Standard Error
=======================            ==========================
a               = 0.000587889      +/- 4.747e-05    (8.074%)
b               = -0.738264        +/- 0.008744     (1.184%)

correlation matrix of the fit parameters:
                a      b      
a               1.000 
b              -0.064  1.000 


*******************************************************************************
Sat Oct 21 18:29:19 2023


FIT:    data read from "yb.dat" u 1:3
        format = x:z
        x range restricted to [-400.000 : 400.000]
        #datapoints = 6
        residuals are weighted equally (unit weight)

function used for fitting: f(x)
	f(x)=a*x+b
fitted parameters initialized with current variable values

iter      chisq       delta/lim  lambda   a             b            
   0 2.0365905209e+05   0.00e+00  1.30e+02    1.000000e+00   1.000000e+00
   6 1.8276193291e-03  -2.92e-07  1.30e-04    5.878892e-04  -7.382637e-01

After 6 iterations the fit converged.
final sum of squares of residuals : 0.00182762
rel. change during last iteration : -2.92001e-12

degrees of freedom    (FIT_NDF)                        : 4
rms of residuals      (FIT_STDFIT) = sqrt(WSSR/ndf)    : 0.0213753
variance of residuals (reduced chisquare) = WSSR/ndf   : 0.000456905

Final set of parameters            Asymptotic Standard Error
=======================            ==========================
a               = 0.000587889      +/- 4.747e-05    (8.074%)
b               = -0.738264        +/- 0.008744     (1.184%)

correlation matrix of the fit parameters:
                a      b      
a               1.000 
b              -0.064  1.000 


*******************************************************************************
Sat Oct 21 18:29:37 2023


FIT:    data read from "yb.dat" u 1:3
        format = x:z
        x range restricted to [-400.000 : 400.000]
        #datapoints = 6
        residuals are weighted equally (unit weight)

function used for fitting: f(x)
	f(x)=a*x+b
fitted parameters initialized with current variable values

iter      chisq       delta/lim  lambda   a             b            
   0 2.0365905209e+05   0.00e+00  1.30e+02    1.000000e+00   1.000000e+00
   6 1.8276193291e-03  -2.92e-07  1.30e-04    5.878892e-04  -7.382637e-01

After 6 iterations the fit converged.
final sum of squares of residuals : 0.00182762
rel. change during last iteration : -2.92001e-12

degrees of freedom    (FIT_NDF)                        : 4
rms of residuals      (FIT_STDFIT) = sqrt(WSSR/ndf)    : 0.0213753
variance of residuals (reduced chisquare) = WSSR/ndf   : 0.000456905

Final set of parameters            Asymptotic Standard Error
=======================            ==========================
a               = 0.000587889      +/- 4.747e-05    (8.074%)
b               = -0.738264        +/- 0.008744     (1.184%)

correlation matrix of the fit parameters:
                a      b      
a               1.000 
b              -0.064  1.000 


*******************************************************************************
Sat Oct 21 18:30:46 2023


FIT:    data read from "yb.dat" u 1:3
        format = x:z
        x range restricted to [-400.000 : 400.000]
        #datapoints = 6
        residuals are weighted equally (unit weight)

function used for fitting: f(x)
	f(x)=a*x+b
fitted parameters initialized with current variable values

iter      chisq       delta/lim  lambda   a             b            
   0 1.8276193291e-03   0.00e+00  5.28e-01    5.878892e-04  -7.382637e-01
   1 1.8276193291e-03   0.00e+00  5.28e+00    5.878892e-04  -7.382637e-01

After 1 iterations the fit converged.
final sum of squares of residuals : 0.00182762
rel. change during last iteration : 0

degrees of freedom    (FIT_NDF)                        : 4
rms of residuals      (FIT_STDFIT) = sqrt(WSSR/ndf)    : 0.0213753
variance of residuals (reduced chisquare) = WSSR/ndf   : 0.000456905

Final set of parameters            Asymptotic Standard Error
=======================            ==========================
a               = 0.000587889      +/- 4.747e-05    (8.074%)
b               = -0.738264        +/- 0.008744     (1.184%)

correlation matrix of the fit parameters:
                a      b      
a               1.000 
b              -0.064  1.000 


*******************************************************************************
Sat Oct 21 18:31:35 2023


FIT:    data read from "yb.dat" u 1:3
        format = x:z
        x range restricted to [-400.000 : 400.000]
        #datapoints = 6
        residuals are weighted equally (unit weight)

function used for fitting: f(x)
	f(x)=a*x+b
fitted parameters initialized with current variable values

iter      chisq       delta/lim  lambda   a             b            
   0 1.8276193291e-03   0.00e+00  5.28e-01    5.878892e-04  -7.382637e-01
   1 1.8276193291e-03   0.00e+00  5.28e+00    5.878892e-04  -7.382637e-01

After 1 iterations the fit converged.
final sum of squares of residuals : 0.00182762
rel. change during last iteration : 0

degrees of freedom    (FIT_NDF)                        : 4
rms of residuals      (FIT_STDFIT) = sqrt(WSSR/ndf)    : 0.0213753
variance of residuals (reduced chisquare) = WSSR/ndf   : 0.000456905

Final set of parameters            Asymptotic Standard Error
=======================            ==========================
a               = 0.000587889      +/- 4.747e-05    (8.074%)
b               = -0.738264        +/- 0.008744     (1.184%)

correlation matrix of the fit parameters:
                a      b      
a               1.000 
b              -0.064  1.000 


*******************************************************************************
Sat Oct 21 18:33:08 2023


FIT:    data read from "yb.dat" u 1:3
        format = x:z
        x range restricted to [-400.000 : 400.000]
        #datapoints = 6
        residuals are weighted equally (unit weight)

function used for fitting: f(x)
	f(x)=a*x+b
fitted parameters initialized with current variable values

iter      chisq       delta/lim  lambda   a             b            
   0 1.8276193291e-03   0.00e+00  5.28e-01    5.878892e-04  -7.382637e-01
   1 1.8276193291e-03   0.00e+00  5.28e+00    5.878892e-04  -7.382637e-01

After 1 iterations the fit converged.
final sum of squares of residuals : 0.00182762
rel. change during last iteration : 0

degrees of freedom    (FIT_NDF)                        : 4
rms of residuals      (FIT_STDFIT) = sqrt(WSSR/ndf)    : 0.0213753
variance of residuals (reduced chisquare) = WSSR/ndf   : 0.000456905

Final set of parameters            Asymptotic Standard Error
=======================            ==========================
a               = 0.000587889      +/- 4.747e-05    (8.074%)
b               = -0.738264        +/- 0.008744     (1.184%)

correlation matrix of the fit parameters:
                a      b      
a               1.000 
b              -0.064  1.000 


*******************************************************************************
Sat Oct 21 18:33:48 2023


FIT:    data read from "yb.dat" u 1:3
        format = x:z
        x range restricted to [-400.000 : 400.000]
        #datapoints = 6
        residuals are weighted equally (unit weight)

function used for fitting: f(x)
	f(x)=a*x+b
fitted parameters initialized with current variable values

iter      chisq       delta/lim  lambda   a             b            
   0 1.8276193291e-03   0.00e+00  5.28e-01    5.878892e-04  -7.382637e-01
   1 1.8276193291e-03   0.00e+00  5.28e+00    5.878892e-04  -7.382637e-01

After 1 iterations the fit converged.
final sum of squares of residuals : 0.00182762
rel. change during last iteration : 0

degrees of freedom    (FIT_NDF)                        : 4
rms of residuals      (FIT_STDFIT) = sqrt(WSSR/ndf)    : 0.0213753
variance of residuals (reduced chisquare) = WSSR/ndf   : 0.000456905

Final set of parameters            Asymptotic Standard Error
=======================            ==========================
a               = 0.000587889      +/- 4.747e-05    (8.074%)
b               = -0.738264        +/- 0.008744     (1.184%)

correlation matrix of the fit parameters:
                a      b      
a               1.000 
b              -0.064  1.000 


*******************************************************************************
Sat Oct 21 18:34:11 2023


FIT:    data read from "yb.dat" u 1:3
        format = x:z
        x range restricted to [-400.000 : 400.000]
        #datapoints = 6
        residuals are weighted equally (unit weight)

function used for fitting: f(x)
	f(x)=a*x+b
fitted parameters initialized with current variable values

iter      chisq       delta/lim  lambda   a             b            
   0 1.8276193291e-03   0.00e+00  5.28e-01    5.878892e-04  -7.382637e-01
   1 1.8276193291e-03   0.00e+00  5.28e+00    5.878892e-04  -7.382637e-01

After 1 iterations the fit converged.
final sum of squares of residuals : 0.00182762
rel. change during last iteration : 0

degrees of freedom    (FIT_NDF)                        : 4
rms of residuals      (FIT_STDFIT) = sqrt(WSSR/ndf)    : 0.0213753
variance of residuals (reduced chisquare) = WSSR/ndf   : 0.000456905

Final set of parameters            Asymptotic Standard Error
=======================            ==========================
a               = 0.000587889      +/- 4.747e-05    (8.074%)
b               = -0.738264        +/- 0.008744     (1.184%)

correlation matrix of the fit parameters:
                a      b      
a               1.000 
b              -0.064  1.000 


*******************************************************************************
Sat Oct 21 18:34:32 2023


FIT:    data read from "yb.dat" u 1:3
        format = x:z
        x range restricted to [-400.000 : 400.000]
        #datapoints = 6
        residuals are weighted equally (unit weight)

function used for fitting: f(x)
	f(x)=a*x+b
fitted parameters initialized with current variable values

iter      chisq       delta/lim  lambda   a             b            
   0 2.0365905209e+05   0.00e+00  1.30e+02    1.000000e+00   1.000000e+00
   6 1.8276193291e-03  -2.92e-07  1.30e-04    5.878892e-04  -7.382637e-01

After 6 iterations the fit converged.
final sum of squares of residuals : 0.00182762
rel. change during last iteration : -2.92001e-12

degrees of freedom    (FIT_NDF)                        : 4
rms of residuals      (FIT_STDFIT) = sqrt(WSSR/ndf)    : 0.0213753
variance of residuals (reduced chisquare) = WSSR/ndf   : 0.000456905

Final set of parameters            Asymptotic Standard Error
=======================            ==========================
a               = 0.000587889      +/- 4.747e-05    (8.074%)
b               = -0.738264        +/- 0.008744     (1.184%)

correlation matrix of the fit parameters:
                a      b      
a               1.000 
b              -0.064  1.000 


*******************************************************************************
Sat Oct 21 19:59:52 2023


FIT:    data read from "yb.dat" u 1:3
        format = x:z
        x range restricted to [-400.000 : 400.000]
        #datapoints = 6
        residuals are weighted equally (unit weight)

function used for fitting: f(x)
	f(x)=a*x+b
fitted parameters initialized with current variable values

iter      chisq       delta/lim  lambda   a             b            
   0 2.0365905209e+05   0.00e+00  1.30e+02    1.000000e+00   1.000000e+00
   6 1.8276193291e-03  -2.92e-07  1.30e-04    5.878892e-04  -7.382637e-01

After 6 iterations the fit converged.
final sum of squares of residuals : 0.00182762
rel. change during last iteration : -2.92001e-12

degrees of freedom    (FIT_NDF)                        : 4
rms of residuals      (FIT_STDFIT) = sqrt(WSSR/ndf)    : 0.0213753
variance of residuals (reduced chisquare) = WSSR/ndf   : 0.000456905

Final set of parameters            Asymptotic Standard Error
=======================            ==========================
a               = 0.000587889      +/- 4.747e-05    (8.074%)
b               = -0.738264        +/- 0.008744     (1.184%)

correlation matrix of the fit parameters:
                a      b      
a               1.000 
b              -0.064  1.000 


*******************************************************************************
Sun Oct 22 06:45:15 2023


FIT:    data read from "yb_4206.dat" u 1:3
        format = x:z
        x range restricted to [-400.000 : 400.000]
        #datapoints = 3
        residuals are weighted equally (unit weight)

function used for fitting: f(x)
	f(x)=a*x+b
fitted parameters initialized with current variable values

iter      chisq       delta/lim  lambda   a             b            
   0 6.8846593911e+04   0.00e+00  1.07e+02    1.000000e+00   1.000000e+00
   6 1.1402874250e-06  -2.08e-03  1.07e-04    6.368002e-04  -7.539430e-01

After 6 iterations the fit converged.
final sum of squares of residuals : 1.14029e-06
rel. change during last iteration : -2.07519e-08

degrees of freedom    (FIT_NDF)                        : 1
rms of residuals      (FIT_STDFIT) = sqrt(WSSR/ndf)    : 0.00106784
variance of residuals (reduced chisquare) = WSSR/ndf   : 1.14029e-06

Final set of parameters            Asymptotic Standard Error
=======================            ==========================
a               = 0.0006368        +/- 4.341e-06    (0.6818%)
b               = -0.753943        +/- 0.0006555    (0.08694%)

correlation matrix of the fit parameters:
                a      b      
a               1.000 
b              -0.340  1.000 


*******************************************************************************
Sun Oct 22 06:46:28 2023


FIT:    data read from "yb_4208.dat" u 1:3
        format = x:z
        x range restricted to [-400.000 : 400.000]
        #datapoints = 3
        residuals are weighted equally (unit weight)

function used for fitting: f(x)
	f(x)=a*x+b
fitted parameters initialized with current variable values

iter      chisq       delta/lim  lambda   a             b            
   0 1.3481245818e+05   0.00e+00  1.50e+02    1.000000e+00   1.000000e+00
   6 6.4062173502e-04  -8.43e-05  1.50e-04    5.890965e-04  -7.250588e-01

After 6 iterations the fit converged.
final sum of squares of residuals : 0.000640622
rel. change during last iteration : -8.42569e-10

degrees of freedom    (FIT_NDF)                        : 1
rms of residuals      (FIT_STDFIT) = sqrt(WSSR/ndf)    : 0.0253105
variance of residuals (reduced chisquare) = WSSR/ndf   : 0.000640622

Final set of parameters            Asymptotic Standard Error
=======================            ==========================
a               = 0.000589097      +/- 6.942e-05    (11.78%)
b               = -0.725059        +/- 0.01474      (2.033%)

correlation matrix of the fit parameters:
                a      b      
a               1.000 
b               0.130  1.000 


*******************************************************************************
Sun Oct 22 06:47:17 2023


FIT:    data read from "yb_4206.dat" u 1:3
        format = x:z
        x range restricted to [-400.000 : 400.000]
        #datapoints = 3
        residuals are weighted equally (unit weight)

function used for fitting: f(x)
	f(x)=a*x+b
fitted parameters initialized with current variable values

iter      chisq       delta/lim  lambda   a             b            
   0 6.8846593911e+04   0.00e+00  1.07e+02    1.000000e+00   1.000000e+00
   6 1.1402874250e-06  -2.08e-03  1.07e-04    6.368002e-04  -7.539430e-01

After 6 iterations the fit converged.
final sum of squares of residuals : 1.14029e-06
rel. change during last iteration : -2.07519e-08

degrees of freedom    (FIT_NDF)                        : 1
rms of residuals      (FIT_STDFIT) = sqrt(WSSR/ndf)    : 0.00106784
variance of residuals (reduced chisquare) = WSSR/ndf   : 1.14029e-06

Final set of parameters            Asymptotic Standard Error
=======================            ==========================
a               = 0.0006368        +/- 4.341e-06    (0.6818%)
b               = -0.753943        +/- 0.0006555    (0.08694%)

correlation matrix of the fit parameters:
                a      b      
a               1.000 
b              -0.340  1.000 
