

*******************************************************************************
Thu Aug 24 13:51:20 2023


FIT:    data read from "merged.dat" using 3:5:1
        format = x:y:z
        #datapoints = 94
        residuals are weighted equally (unit weight)

function used for fitting: f(x,y)
	f(x,y)=a*x+b*y+c+x*y*d
fitted parameters initialized with current variable values

iter      chisq       delta/lim  lambda   a             b             c             d            
   0 5.9282218724e+09   0.00e+00  3.97e+03    1.000000e+00   1.000000e+00   1.000000e+00   1.000000e+00
   7 1.6047005371e+01  -5.98e-10  3.97e-04   -2.033150e-02   3.790285e-01  -2.850717e+00   2.304323e-06

After 7 iterations the fit converged.
final sum of squares of residuals : 16.047
rel. change during last iteration : -5.97764e-15

degrees of freedom    (FIT_NDF)                        : 90
rms of residuals      (FIT_STDFIT) = sqrt(WSSR/ndf)    : 0.422256
variance of residuals (reduced chisquare) = WSSR/ndf   : 0.1783

Final set of parameters            Asymptotic Standard Error
=======================            ==========================
a               = -0.0203315       +/- 0.0001749    (0.86%)
b               = 0.379029         +/- 0.002025     (0.5343%)
c               = -2.85072         +/- 0.05172      (1.814%)
d               = 2.30432e-06      +/- 6.513e-06    (282.6%)

correlation matrix of the fit parameters:
                a      b      c      d      
a               1.000 
b              -0.552  1.000 
c               0.030  0.013  1.000 
d              -0.028  0.022 -0.538  1.000 


*******************************************************************************
Thu Aug 24 13:51:42 2023


FIT:    data read from "merged.dat" using 3:5:1
        format = x:y:z
        #datapoints = 94
        residuals are weighted equally (unit weight)

function used for fitting: f(x,y)
	f(x,y)=a*x+b*y+c+x*y*d
fitted parameters initialized with current variable values

iter      chisq       delta/lim  lambda   a             b             c             d            
   0 5.9282218724e+09   0.00e+00  3.97e+03    1.000000e+00   1.000000e+00   1.000000e+00   1.000000e+00
   7 1.6047005371e+01  -5.98e-10  3.97e-04   -2.033150e-02   3.790285e-01  -2.850717e+00   2.304323e-06

After 7 iterations the fit converged.
final sum of squares of residuals : 16.047
rel. change during last iteration : -5.97764e-15

degrees of freedom    (FIT_NDF)                        : 90
rms of residuals      (FIT_STDFIT) = sqrt(WSSR/ndf)    : 0.422256
variance of residuals (reduced chisquare) = WSSR/ndf   : 0.1783

Final set of parameters            Asymptotic Standard Error
=======================            ==========================
a               = -0.0203315       +/- 0.0001749    (0.86%)
b               = 0.379029         +/- 0.002025     (0.5343%)
c               = -2.85072         +/- 0.05172      (1.814%)
d               = 2.30432e-06      +/- 6.513e-06    (282.6%)

correlation matrix of the fit parameters:
                a      b      c      d      
a               1.000 
b              -0.552  1.000 
c               0.030  0.013  1.000 
d              -0.028  0.022 -0.538  1.000 
